<?xml version="1.0" encoding="UTF-8"?>
<!-- Generated by org.testng.reporters.JUnitReportReporter -->
<testsuite hostname="DESKTOP-HGCL64G" failures="0" tests="3" name="TestNG.FirstTestNGframework" time="27.656" errors="0" timestamp="2021-02-04T22:54:37 EST" skipped="0">
  <testcase classname="TestNG.FirstTestNGframework" name="clickSignOnLink" time="9.812"/>
  <system-out/>
  <testcase classname="TestNG.FirstTestNGframework" name="clickRegisterLink" time="8.557"/>
  <system-out/>
  <testcase classname="TestNG.FirstTestNGframework" name="clickSupportLink" time="9.287"/>
  <system-out/>
</testsuite> <!-- TestNG.FirstTestNGframework -->
