<?xml version="1.0" encoding="UTF-8"?>
<!-- Generated by org.testng.reporters.JUnitReportReporter -->
<testsuite hostname="DESKTOP-HGCL64G" failures="0" tests="2" name="TestNG.understandingSequenceofAnnotations" time="0.008" errors="0" timestamp="2021-02-05T22:11:09 EST" skipped="0">
  <testcase classname="TestNG.understandingSequenceofAnnotations" name="test2" time="0.003"/>
  <system-out/>
  <testcase classname="TestNG.understandingSequenceofAnnotations" name="test1" time="0.005"/>
  <system-out/>
</testsuite> <!-- TestNG.understandingSequenceofAnnotations -->
