<?xml version="1.0" encoding="UTF-8"?>
<!-- Generated by org.testng.reporters.JUnitReportReporter -->
<testsuite hostname="DESKTOP-HGCL64G" failures="0" tests="1" name="testNG.AssertionAssignment" time="10.082" errors="0" timestamp="2021-02-06T18:47:55 EST" skipped="0">
  <testcase classname="testNG.AssertionAssignment" name="clickOnCheckingLink" time="10.082"/>
  <system-out/>
</testsuite> <!-- testNG.AssertionAssignment -->
