<?xml version="1.0" encoding="UTF-8"?>
<!-- Generated by org.testng.reporters.JUnitReportReporter -->
<testsuite hostname="DESKTOP-HGCL64G" failures="0" tests="3" name="TestNG.BasicTestNg" time="0.018" errors="0" timestamp="2021-02-04T22:13:09 EST" skipped="0">
  <testcase classname="TestNG.BasicTestNg" name="test1" time="0.008"/>
  <system-out/>
  <testcase classname="TestNG.BasicTestNg" name="test3" time="0.002"/>
  <system-out/>
  <testcase classname="TestNG.BasicTestNg" name="test2" time="0.008"/>
  <system-out/>
</testsuite> <!-- TestNG.BasicTestNg -->
