<?xml version="1.0" encoding="UTF-8"?>
<!-- Generated by org.testng.reporters.JUnitReportReporter -->
<testsuite hostname="DESKTOP-HGCL64G" failures="0" tests="5" name="testNG.DataDrivenTestNGDataProvider" time="40.247" errors="0" timestamp="2021-03-10T12:34:52 EST" skipped="0">
  <testcase classname="testNG.DataDrivenTestNGDataProvider" name="positiveSignInFunctionality" time="7.547"/>
  <system-out/>
  <testcase classname="testNG.DataDrivenTestNGDataProvider" name="negativeSignInFunctionality" time="8.226"/>
  <system-out/>
  <testcase classname="testNG.DataDrivenTestNGDataProvider" name="negativeSignInFunctionality" time="8.884"/>
  <system-out/>
  <testcase classname="testNG.DataDrivenTestNGDataProvider" name="positiveSignInFunctionality" time="8.289"/>
  <system-out/>
  <testcase classname="testNG.DataDrivenTestNGDataProvider" name="negativeSignInFunctionality" time="7.301"/>
  <system-out/>
</testsuite> <!-- testNG.DataDrivenTestNGDataProvider -->
